2013/09/10 14:36:43 [error] [system.db.CDbCommand] CDbCommand::fetch() failed: SQLSTATE[42S22]: Column not found: 1054 Unknown column 'alias' in 'where clause'. The SQL statement executed was: SELECT * FROM `user` `t` WHERE alias=:alias LIMIT 1. Bound with :alias='nganhtuan63'.
2013/09/10 14:36:43 [error] [exception.CDbException] exception 'CDbException' with message 'CDbCommand failed to execute the SQL statement: SQLSTATE[42S22]: Column not found: 1054 Unknown column 'alias' in 'where clause'' in /Applications/MAMP/htdocs/social/core/yii/framework/db/CDbCommand.php:543
Stack trace:
#0 /Applications/MAMP/htdocs/social/core/yii/framework/db/CDbCommand.php(415): CDbCommand->queryInternal('fetch', Array, Array)
#1 /Applications/MAMP/htdocs/social/core/yii/framework/db/ar/CActiveRecord.php(1351): CDbCommand->queryRow()
#2 /Applications/MAMP/htdocs/social/core/yii/framework/db/ar/CActiveRecord.php(1456): CActiveRecord->query(Object(CDbCriteria))
#3 /Applications/MAMP/htdocs/social/apps/backend/controllers/UserController.php(47): CActiveRecord->find(Array)
#4 /Applications/MAMP/htdocs/social/core/yii/framework/web/actions/CInlineAction.php(49): UserController->actionCreate()
#5 /Applications/MAMP/htdocs/social/core/yii/framework/web/CController.php(308): CInlineAction->runWithParams(Array)
#6 /Applications/MAMP/htdocs/social/core/yii/framework/web/filters/CFilterChain.php(133): CController->runAction(Object(CInlineAction))
#7 /Applications/MAMP/htdocs/social/core/yii/framework/web/filters/CFilter.php(40): CFilterChain->run()
#8 /Applications/MAMP/htdocs/social/core/yii/framework/web/filters/CFilterChain.php(130): CFilter->filter(Object(CFilterChain))
#9 /Applications/MAMP/htdocs/social/core/yii/framework/web/CController.php(291): CFilterChain->run()
#10 /Applications/MAMP/htdocs/social/core/yii/framework/web/CController.php(265): CController->runActionWithFilters(Object(CInlineAction), Array)
#11 /Applications/MAMP/htdocs/social/core/yii/framework/web/CWebApplication.php(282): CController->run('create')
#12 /Applications/MAMP/htdocs/social/core/yii/framework/web/CWebApplication.php(141): CWebApplication->runController('user/create')
#13 /Applications/MAMP/htdocs/social/core/yii/framework/base/CApplication.php(180): CWebApplication->processRequest()
#14 /Applications/MAMP/htdocs/social/apps/backend/www/index.php(24): CApplication->run()
#15 {main}
REQUEST_URI=/social/apps/backend/www/index.php?r=user/create
HTTP_REFERER=http://localhost/social/apps/backend/www/index.php?r=user/create
---
2013/09/10 14:44:59 [error] [exception.CException] exception 'CException' with message 'Property "User.name" is not defined.' in /Applications/MAMP/htdocs/social/core/yii/framework/base/CComponent.php:130
Stack trace:
#0 /Applications/MAMP/htdocs/social/core/yii/framework/db/ar/CActiveRecord.php(145): CComponent->__get('name')
#1 /Applications/MAMP/htdocs/social/apps/common/components/UserIdentity.php(62): CActiveRecord->__get('name')
#2 /Applications/MAMP/htdocs/social/apps/common/models/LoginForm.php(56): UserIdentity->authenticate()
#3 /Applications/MAMP/htdocs/social/core/yii/framework/validators/CInlineValidator.php(42): LoginForm->authenticate('password', Array)
#4 /Applications/MAMP/htdocs/social/core/yii/framework/validators/CValidator.php(213): CInlineValidator->validateAttribute(Object(LoginForm), 'password')
#5 /Applications/MAMP/htdocs/social/core/yii/framework/base/CModel.php(159): CValidator->validate(Object(LoginForm), NULL)
#6 /Applications/MAMP/htdocs/social/apps/backend/controllers/SiteController.php(70): CModel->validate()
#7 /Applications/MAMP/htdocs/social/core/yii/framework/web/actions/CInlineAction.php(49): SiteController->actionLogin()
#8 /Applications/MAMP/htdocs/social/core/yii/framework/web/CController.php(308): CInlineAction->runWithParams(Array)
#9 /Applications/MAMP/htdocs/social/core/yii/framework/web/filters/CFilterChain.php(133): CController->runAction(Object(CInlineAction))
#10 /Applications/MAMP/htdocs/social/core/yii/framework/web/CController.php(291): CFilterChain->run()
#11 /Applications/MAMP/htdocs/social/core/yii/framework/web/CController.php(265): CController->runActionWithFilters(Object(CInlineAction), Array)
#12 /Applications/MAMP/htdocs/social/core/yii/framework/web/CWebApplication.php(282): CController->run('login')
#13 /Applications/MAMP/htdocs/social/core/yii/framework/web/CWebApplication.php(141): CWebApplication->runController('site/login')
#14 /Applications/MAMP/htdocs/social/core/yii/framework/base/CApplication.php(180): CWebApplication->processRequest()
#15 /Applications/MAMP/htdocs/social/apps/backend/www/index.php(24): CApplication->run()
#16 {main}
REQUEST_URI=/social/apps/backend/www/index.php?r=site/login
HTTP_REFERER=http://localhost/social/apps/backend/www/index.php?r=site/login
---
2013/09/10 14:46:11 [error] [exception.CException] exception 'CException' with message 'Property "User.name" is not defined.' in /Applications/MAMP/htdocs/social/core/yii/framework/base/CComponent.php:130
Stack trace:
#0 /Applications/MAMP/htdocs/social/core/yii/framework/db/ar/CActiveRecord.php(145): CComponent->__get('name')
#1 /Applications/MAMP/htdocs/social/apps/common/components/UserIdentity.php(62): CActiveRecord->__get('name')
#2 /Applications/MAMP/htdocs/social/apps/common/models/LoginForm.php(56): UserIdentity->authenticate()
#3 /Applications/MAMP/htdocs/social/core/yii/framework/validators/CInlineValidator.php(42): LoginForm->authenticate('password', Array)
#4 /Applications/MAMP/htdocs/social/core/yii/framework/validators/CValidator.php(213): CInlineValidator->validateAttribute(Object(LoginForm), 'password')
#5 /Applications/MAMP/htdocs/social/core/yii/framework/base/CModel.php(159): CValidator->validate(Object(LoginForm), NULL)
#6 /Applications/MAMP/htdocs/social/apps/backend/controllers/SiteController.php(70): CModel->validate()
#7 /Applications/MAMP/htdocs/social/core/yii/framework/web/actions/CInlineAction.php(49): SiteController->actionLogin()
#8 /Applications/MAMP/htdocs/social/core/yii/framework/web/CController.php(308): CInlineAction->runWithParams(Array)
#9 /Applications/MAMP/htdocs/social/core/yii/framework/web/filters/CFilterChain.php(133): CController->runAction(Object(CInlineAction))
#10 /Applications/MAMP/htdocs/social/core/yii/framework/web/CController.php(291): CFilterChain->run()
#11 /Applications/MAMP/htdocs/social/core/yii/framework/web/CController.php(265): CController->runActionWithFilters(Object(CInlineAction), Array)
#12 /Applications/MAMP/htdocs/social/core/yii/framework/web/CWebApplication.php(282): CController->run('login')
#13 /Applications/MAMP/htdocs/social/core/yii/framework/web/CWebApplication.php(141): CWebApplication->runController('site/login')
#14 /Applications/MAMP/htdocs/social/core/yii/framework/base/CApplication.php(180): CWebApplication->processRequest()
#15 /Applications/MAMP/htdocs/social/apps/backend/www/index.php(24): CApplication->run()
#16 {main}
REQUEST_URI=/social/apps/backend/www/index.php?r=site/login
HTTP_REFERER=http://localhost/social/apps/backend/www/index.php?r=site/login
---
2013/09/10 14:46:24 [error] [exception.CException] exception 'CException' with message 'Property "User.name" is not defined.' in /Applications/MAMP/htdocs/social/core/yii/framework/base/CComponent.php:130
Stack trace:
#0 /Applications/MAMP/htdocs/social/core/yii/framework/db/ar/CActiveRecord.php(145): CComponent->__get('name')
#1 /Applications/MAMP/htdocs/social/apps/common/components/UserIdentity.php(62): CActiveRecord->__get('name')
#2 /Applications/MAMP/htdocs/social/apps/common/models/LoginForm.php(56): UserIdentity->authenticate()
#3 /Applications/MAMP/htdocs/social/core/yii/framework/validators/CInlineValidator.php(42): LoginForm->authenticate('password', Array)
#4 /Applications/MAMP/htdocs/social/core/yii/framework/validators/CValidator.php(213): CInlineValidator->validateAttribute(Object(LoginForm), 'password')
#5 /Applications/MAMP/htdocs/social/core/yii/framework/base/CModel.php(159): CValidator->validate(Object(LoginForm), NULL)
#6 /Applications/MAMP/htdocs/social/apps/backend/controllers/SiteController.php(70): CModel->validate()
#7 /Applications/MAMP/htdocs/social/core/yii/framework/web/actions/CInlineAction.php(49): SiteController->actionLogin()
#8 /Applications/MAMP/htdocs/social/core/yii/framework/web/CController.php(308): CInlineAction->runWithParams(Array)
#9 /Applications/MAMP/htdocs/social/core/yii/framework/web/filters/CFilterChain.php(133): CController->runAction(Object(CInlineAction))
#10 /Applications/MAMP/htdocs/social/core/yii/framework/web/CController.php(291): CFilterChain->run()
#11 /Applications/MAMP/htdocs/social/core/yii/framework/web/CController.php(265): CController->runActionWithFilters(Object(CInlineAction), Array)
#12 /Applications/MAMP/htdocs/social/core/yii/framework/web/CWebApplication.php(282): CController->run('login')
#13 /Applications/MAMP/htdocs/social/core/yii/framework/web/CWebApplication.php(141): CWebApplication->runController('site/login')
#14 /Applications/MAMP/htdocs/social/core/yii/framework/base/CApplication.php(180): CWebApplication->processRequest()
#15 /Applications/MAMP/htdocs/social/apps/backend/www/index.php(24): CApplication->run()
#16 {main}
REQUEST_URI=/social/apps/backend/www/index.php?r=site/login
HTTP_REFERER=http://localhost/social/apps/backend/www/index.php?r=site/login
---
2013/09/10 14:48:54 [error] [exception.CException] exception 'CException' with message 'Property "User.name" is not defined.' in /Applications/MAMP/htdocs/social/core/yii/framework/base/CComponent.php:130
Stack trace:
#0 /Applications/MAMP/htdocs/social/core/yii/framework/db/ar/CActiveRecord.php(145): CComponent->__get('name')
#1 /Applications/MAMP/htdocs/social/apps/common/components/UserIdentity.php(62): CActiveRecord->__get('name')
#2 /Applications/MAMP/htdocs/social/apps/common/models/LoginForm.php(56): UserIdentity->authenticate()
#3 /Applications/MAMP/htdocs/social/core/yii/framework/validators/CInlineValidator.php(42): LoginForm->authenticate('password', Array)
#4 /Applications/MAMP/htdocs/social/core/yii/framework/validators/CValidator.php(213): CInlineValidator->validateAttribute(Object(LoginForm), 'password')
#5 /Applications/MAMP/htdocs/social/core/yii/framework/base/CModel.php(159): CValidator->validate(Object(LoginForm), NULL)
#6 /Applications/MAMP/htdocs/social/apps/backend/controllers/SiteController.php(70): CModel->validate()
#7 /Applications/MAMP/htdocs/social/core/yii/framework/web/actions/CInlineAction.php(49): SiteController->actionLogin()
#8 /Applications/MAMP/htdocs/social/core/yii/framework/web/CController.php(308): CInlineAction->runWithParams(Array)
#9 /Applications/MAMP/htdocs/social/core/yii/framework/web/filters/CFilterChain.php(133): CController->runAction(Object(CInlineAction))
#10 /Applications/MAMP/htdocs/social/core/yii/framework/web/CController.php(291): CFilterChain->run()
#11 /Applications/MAMP/htdocs/social/core/yii/framework/web/CController.php(265): CController->runActionWithFilters(Object(CInlineAction), Array)
#12 /Applications/MAMP/htdocs/social/core/yii/framework/web/CWebApplication.php(282): CController->run('login')
#13 /Applications/MAMP/htdocs/social/core/yii/framework/web/CWebApplication.php(141): CWebApplication->runController('site/login')
#14 /Applications/MAMP/htdocs/social/core/yii/framework/base/CApplication.php(180): CWebApplication->processRequest()
#15 /Applications/MAMP/htdocs/social/apps/backend/www/index.php(24): CApplication->run()
#16 {main}
REQUEST_URI=/social/apps/backend/www/index.php?r=site/login
HTTP_REFERER=http://localhost/social/apps/backend/www/index.php?r=site/login
---
2013/09/10 14:49:19 [error] [exception.CHttpException.404] exception 'CHttpException' with message 'Unable to resolve the request "profile/index".' in /Applications/MAMP/htdocs/social/core/yii/framework/web/CWebApplication.php:286
Stack trace:
#0 /Applications/MAMP/htdocs/social/core/yii/framework/web/CWebApplication.php(141): CWebApplication->runController('profile/index')
#1 /Applications/MAMP/htdocs/social/core/yii/framework/base/CApplication.php(180): CWebApplication->processRequest()
#2 /Applications/MAMP/htdocs/social/apps/backend/www/index.php(24): CApplication->run()
#3 {main}
REQUEST_URI=/social/apps/backend/www/index.php?r=profile/index
HTTP_REFERER=http://localhost/social/apps/backend/www/index.php
---
2013/09/10 14:49:21 [error] [exception.CException] exception 'CException' with message 'Property "User.name" is not defined.' in /Applications/MAMP/htdocs/social/core/yii/framework/base/CComponent.php:130
Stack trace:
#0 /Applications/MAMP/htdocs/social/core/yii/framework/db/ar/CActiveRecord.php(145): CComponent->__get('name')
#1 /Applications/MAMP/htdocs/social/apps/common/models/User.php(87): CActiveRecord->__get('name')
#2 /Applications/MAMP/htdocs/social/apps/backend/views/user/admin.php(21): User->search()
#3 /Applications/MAMP/htdocs/social/core/yii/framework/web/CBaseController.php(126): require('/Applications/M...')
#4 /Applications/MAMP/htdocs/social/core/yii/framework/web/CBaseController.php(95): CBaseController->renderInternal('/Applications/M...', Array, true)
#5 /Applications/MAMP/htdocs/social/core/yii/framework/web/CController.php(869): CBaseController->renderFile('/Applications/M...', Array, true)
#6 /Applications/MAMP/htdocs/social/core/yii/framework/web/CController.php(782): CController->renderPartial('admin', Array, true)
#7 /Applications/MAMP/htdocs/social/apps/backend/controllers/UserController.php(165): CController->render('admin', Array)
#8 /Applications/MAMP/htdocs/social/core/yii/framework/web/actions/CInlineAction.php(49): UserController->actionAdmin()
#9 /Applications/MAMP/htdocs/social/core/yii/framework/web/CController.php(308): CInlineAction->runWithParams(Array)
#10 /Applications/MAMP/htdocs/social/core/yii/framework/web/filters/CFilterChain.php(133): CController->runAction(Object(CInlineAction))
#11 /Applications/MAMP/htdocs/social/core/yii/framework/web/filters/CFilter.php(40): CFilterChain->run()
#12 /Applications/MAMP/htdocs/social/core/yii/framework/web/filters/CFilterChain.php(130): CFilter->filter(Object(CFilterChain))
#13 /Applications/MAMP/htdocs/social/core/yii/framework/web/CController.php(291): CFilterChain->run()
#14 /Applications/MAMP/htdocs/social/core/yii/framework/web/CController.php(265): CController->runActionWithFilters(Object(CInlineAction), Array)
#15 /Applications/MAMP/htdocs/social/core/yii/framework/web/CWebApplication.php(282): CController->run('admin')
#16 /Applications/MAMP/htdocs/social/core/yii/framework/web/CWebApplication.php(141): CWebApplication->runController('user/admin')
#17 /Applications/MAMP/htdocs/social/core/yii/framework/base/CApplication.php(180): CWebApplication->processRequest()
#18 /Applications/MAMP/htdocs/social/apps/backend/www/index.php(24): CApplication->run()
#19 {main}
REQUEST_URI=/social/apps/backend/www/index.php?r=user/admin
HTTP_REFERER=http://localhost/social/apps/backend/www/index.php?r=user/create
---
2013/09/10 14:49:50 [error] [exception.CException] exception 'CException' with message 'Property "User.name" is not defined.' in /Applications/MAMP/htdocs/social/core/yii/framework/base/CComponent.php:130
Stack trace:
#0 /Applications/MAMP/htdocs/social/core/yii/framework/db/ar/CActiveRecord.php(145): CComponent->__get('name')
#1 /Applications/MAMP/htdocs/social/apps/common/models/User.php(87): CActiveRecord->__get('name')
#2 /Applications/MAMP/htdocs/social/apps/backend/views/user/admin.php(21): User->search()
#3 /Applications/MAMP/htdocs/social/core/yii/framework/web/CBaseController.php(126): require('/Applications/M...')
#4 /Applications/MAMP/htdocs/social/core/yii/framework/web/CBaseController.php(95): CBaseController->renderInternal('/Applications/M...', Array, true)
#5 /Applications/MAMP/htdocs/social/core/yii/framework/web/CController.php(869): CBaseController->renderFile('/Applications/M...', Array, true)
#6 /Applications/MAMP/htdocs/social/core/yii/framework/web/CController.php(782): CController->renderPartial('admin', Array, true)
#7 /Applications/MAMP/htdocs/social/apps/backend/controllers/UserController.php(165): CController->render('admin', Array)
#8 /Applications/MAMP/htdocs/social/core/yii/framework/web/actions/CInlineAction.php(49): UserController->actionAdmin()
#9 /Applications/MAMP/htdocs/social/core/yii/framework/web/CController.php(308): CInlineAction->runWithParams(Array)
#10 /Applications/MAMP/htdocs/social/core/yii/framework/web/filters/CFilterChain.php(133): CController->runAction(Object(CInlineAction))
#11 /Applications/MAMP/htdocs/social/core/yii/framework/web/filters/CFilter.php(40): CFilterChain->run()
#12 /Applications/MAMP/htdocs/social/core/yii/framework/web/filters/CFilterChain.php(130): CFilter->filter(Object(CFilterChain))
#13 /Applications/MAMP/htdocs/social/core/yii/framework/web/CController.php(291): CFilterChain->run()
#14 /Applications/MAMP/htdocs/social/core/yii/framework/web/CController.php(265): CController->runActionWithFilters(Object(CInlineAction), Array)
#15 /Applications/MAMP/htdocs/social/core/yii/framework/web/CWebApplication.php(282): CController->run('admin')
#16 /Applications/MAMP/htdocs/social/core/yii/framework/web/CWebApplication.php(141): CWebApplication->runController('user/admin')
#17 /Applications/MAMP/htdocs/social/core/yii/framework/base/CApplication.php(180): CWebApplication->processRequest()
#18 /Applications/MAMP/htdocs/social/apps/backend/www/index.php(24): CApplication->run()
#19 {main}
REQUEST_URI=/social/apps/backend/www/index.php?r=user/admin
HTTP_REFERER=http://localhost/social/apps/backend/www/index.php?r=user/create
---
2013/09/10 14:49:51 [error] [exception.CException] exception 'CException' with message 'Property "User.name" is not defined.' in /Applications/MAMP/htdocs/social/core/yii/framework/base/CComponent.php:130
Stack trace:
#0 /Applications/MAMP/htdocs/social/core/yii/framework/db/ar/CActiveRecord.php(145): CComponent->__get('name')
#1 /Applications/MAMP/htdocs/social/apps/common/models/User.php(87): CActiveRecord->__get('name')
#2 /Applications/MAMP/htdocs/social/apps/backend/views/user/admin.php(21): User->search()
#3 /Applications/MAMP/htdocs/social/core/yii/framework/web/CBaseController.php(126): require('/Applications/M...')
#4 /Applications/MAMP/htdocs/social/core/yii/framework/web/CBaseController.php(95): CBaseController->renderInternal('/Applications/M...', Array, true)
#5 /Applications/MAMP/htdocs/social/core/yii/framework/web/CController.php(869): CBaseController->renderFile('/Applications/M...', Array, true)
#6 /Applications/MAMP/htdocs/social/core/yii/framework/web/CController.php(782): CController->renderPartial('admin', Array, true)
#7 /Applications/MAMP/htdocs/social/apps/backend/controllers/UserController.php(165): CController->render('admin', Array)
#8 /Applications/MAMP/htdocs/social/core/yii/framework/web/actions/CInlineAction.php(49): UserController->actionAdmin()
#9 /Applications/MAMP/htdocs/social/core/yii/framework/web/CController.php(308): CInlineAction->runWithParams(Array)
#10 /Applications/MAMP/htdocs/social/core/yii/framework/web/filters/CFilterChain.php(133): CController->runAction(Object(CInlineAction))
#11 /Applications/MAMP/htdocs/social/core/yii/framework/web/filters/CFilter.php(40): CFilterChain->run()
#12 /Applications/MAMP/htdocs/social/core/yii/framework/web/filters/CFilterChain.php(130): CFilter->filter(Object(CFilterChain))
#13 /Applications/MAMP/htdocs/social/core/yii/framework/web/CController.php(291): CFilterChain->run()
#14 /Applications/MAMP/htdocs/social/core/yii/framework/web/CController.php(265): CController->runActionWithFilters(Object(CInlineAction), Array)
#15 /Applications/MAMP/htdocs/social/core/yii/framework/web/CWebApplication.php(282): CController->run('admin')
#16 /Applications/MAMP/htdocs/social/core/yii/framework/web/CWebApplication.php(141): CWebApplication->runController('user/admin')
#17 /Applications/MAMP/htdocs/social/core/yii/framework/base/CApplication.php(180): CWebApplication->processRequest()
#18 /Applications/MAMP/htdocs/social/apps/backend/www/index.php(24): CApplication->run()
#19 {main}
REQUEST_URI=/social/apps/backend/www/index.php?r=user/admin
HTTP_REFERER=http://localhost/social/apps/backend/www/index.php?r=user/create
---
2013/09/10 14:50:38 [error] [exception.CException] exception 'CException' with message 'Property "User.name" is not defined.' in /Applications/MAMP/htdocs/social/core/yii/framework/base/CComponent.php:130
Stack trace:
#0 /Applications/MAMP/htdocs/social/core/yii/framework/db/ar/CActiveRecord.php(145): CComponent->__get('name')
#1 /Applications/MAMP/htdocs/social/apps/common/models/User.php(87): CActiveRecord->__get('name')
#2 /Applications/MAMP/htdocs/social/apps/backend/views/user/admin.php(21): User->search()
#3 /Applications/MAMP/htdocs/social/core/yii/framework/web/CBaseController.php(126): require('/Applications/M...')
#4 /Applications/MAMP/htdocs/social/core/yii/framework/web/CBaseController.php(95): CBaseController->renderInternal('/Applications/M...', Array, true)
#5 /Applications/MAMP/htdocs/social/core/yii/framework/web/CController.php(869): CBaseController->renderFile('/Applications/M...', Array, true)
#6 /Applications/MAMP/htdocs/social/core/yii/framework/web/CController.php(782): CController->renderPartial('admin', Array, true)
#7 /Applications/MAMP/htdocs/social/apps/backend/controllers/UserController.php(165): CController->render('admin', Array)
#8 /Applications/MAMP/htdocs/social/core/yii/framework/web/actions/CInlineAction.php(49): UserController->actionAdmin()
#9 /Applications/MAMP/htdocs/social/core/yii/framework/web/CController.php(308): CInlineAction->runWithParams(Array)
#10 /Applications/MAMP/htdocs/social/core/yii/framework/web/filters/CFilterChain.php(133): CController->runAction(Object(CInlineAction))
#11 /Applications/MAMP/htdocs/social/core/yii/framework/web/filters/CFilter.php(40): CFilterChain->run()
#12 /Applications/MAMP/htdocs/social/core/yii/framework/web/filters/CFilterChain.php(130): CFilter->filter(Object(CFilterChain))
#13 /Applications/MAMP/htdocs/social/core/yii/framework/web/CController.php(291): CFilterChain->run()
#14 /Applications/MAMP/htdocs/social/core/yii/framework/web/CController.php(265): CController->runActionWithFilters(Object(CInlineAction), Array)
#15 /Applications/MAMP/htdocs/social/core/yii/framework/web/CWebApplication.php(282): CController->run('admin')
#16 /Applications/MAMP/htdocs/social/core/yii/framework/web/CWebApplication.php(141): CWebApplication->runController('user/admin')
#17 /Applications/MAMP/htdocs/social/core/yii/framework/base/CApplication.php(180): CWebApplication->processRequest()
#18 /Applications/MAMP/htdocs/social/apps/backend/www/index.php(24): CApplication->run()
#19 {main}
REQUEST_URI=/social/apps/backend/www/index.php?r=user/admin
HTTP_REFERER=http://localhost/social/apps/backend/www/index.php?r=user/create
---
2013/09/10 14:51:08 [error] [exception.CException] exception 'CException' with message 'Property "User.alias" is not defined.' in /Applications/MAMP/htdocs/social/core/yii/framework/base/CComponent.php:130
Stack trace:
#0 /Applications/MAMP/htdocs/social/core/yii/framework/db/ar/CActiveRecord.php(145): CComponent->__get('alias')
#1 /Applications/MAMP/htdocs/social/core/yii/framework/web/helpers/CHtml.php(2529): CActiveRecord->__get('alias')
#2 /Applications/MAMP/htdocs/social/core/yii/framework/web/helpers/CHtml.php(2252): CHtml::resolveValue(Object(User), 'alias')
#3 /Applications/MAMP/htdocs/social/core/yii/framework/web/helpers/CHtml.php(1434): CHtml::activeInputField('text', Object(User), 'alias', Array)
#4 /Applications/MAMP/htdocs/social/core/yii/framework/zii/widgets/grid/CDataColumn.php(103): CHtml::activeTextField(Object(User), 'alias', Array)
#5 /Applications/MAMP/htdocs/social/apps/common/extensions/bootstrap/widgets/TbDataColumn.php(53): CDataColumn->renderFilterCellContent()
#6 /Applications/MAMP/htdocs/social/core/yii/framework/zii/widgets/grid/CGridView.php(532): TbDataColumn->renderFilterCell()
#7 /Applications/MAMP/htdocs/social/core/yii/framework/zii/widgets/grid/CGridView.php(510): CGridView->renderFilter()
#8 /Applications/MAMP/htdocs/social/apps/common/extensions/bootstrap/widgets/TbExtendedGridView.php(335): CGridView->renderTableHeader()
#9 /Applications/MAMP/htdocs/social/core/yii/framework/zii/widgets/grid/CGridView.php(480): TbExtendedGridView->renderTableHeader()
#10 /Applications/MAMP/htdocs/social/core/yii/framework/zii/widgets/CBaseListView.php(167): CGridView->renderItems()
#11 [internal function]: CBaseListView->renderSection(Array)
#12 /Applications/MAMP/htdocs/social/core/yii/framework/zii/widgets/CBaseListView.php(150): preg_replace_callback('/{(\w+)}/', Array, '{summary}?{item...')
#13 /Applications/MAMP/htdocs/social/apps/common/extensions/bootstrap/widgets/TbExtendedGridView.php(240): CBaseListView->renderContent()
#14 /Applications/MAMP/htdocs/social/core/yii/framework/zii/widgets/CBaseListView.php(135): TbExtendedGridView->renderContent()
#15 /Applications/MAMP/htdocs/social/core/yii/framework/web/CBaseController.php(173): CBaseListView->run()
#16 /Applications/MAMP/htdocs/social/apps/backend/views/user/admin.php(70): CBaseController->widget('bootstrap.widge...', Array)
#17 /Applications/MAMP/htdocs/social/core/yii/framework/web/CBaseController.php(126): require('/Applications/M...')
#18 /Applications/MAMP/htdocs/social/core/yii/framework/web/CBaseController.php(95): CBaseController->renderInternal('/Applications/M...', Array, true)
#19 /Applications/MAMP/htdocs/social/core/yii/framework/web/CController.php(869): CBaseController->renderFile('/Applications/M...', Array, true)
#20 /Applications/MAMP/htdocs/social/core/yii/framework/web/CController.php(782): CController->renderPartial('admin', Array, true)
#21 /Applications/MAMP/htdocs/social/apps/backend/controllers/UserController.php(165): CController->render('admin', Array)
#22 /Applications/MAMP/htdocs/social/core/yii/framework/web/actions/CInlineAction.php(49): UserController->actionAdmin()
#23 /Applications/MAMP/htdocs/social/core/yii/framework/web/CController.php(308): CInlineAction->runWithParams(Array)
#24 /Applications/MAMP/htdocs/social/core/yii/framework/web/filters/CFilterChain.php(133): CController->runAction(Object(CInlineAction))
#25 /Applications/MAMP/htdocs/social/core/yii/framework/web/filters/CFilter.php(40): CFilterChain->run()
#26 /Applications/MAMP/htdocs/social/core/yii/framework/web/filters/CFilterChain.php(130): CFilter->filter(Object(CFilterChain))
#27 /Applications/MAMP/htdocs/social/core/yii/framework/web/CController.php(291): CFilterChain->run()
#28 /Applications/MAMP/htdocs/social/core/yii/framework/web/CController.php(265): CController->runActionWithFilters(Object(CInlineAction), Array)
#29 /Applications/MAMP/htdocs/social/core/yii/framework/web/CWebApplication.php(282): CController->run('admin')
#30 /Applications/MAMP/htdocs/social/core/yii/framework/web/CWebApplication.php(141): CWebApplication->runController('user/admin')
#31 /Applications/MAMP/htdocs/social/core/yii/framework/base/CApplication.php(180): CWebApplication->processRequest()
#32 /Applications/MAMP/htdocs/social/apps/backend/www/index.php(24): CApplication->run()
#33 {main}
REQUEST_URI=/social/apps/backend/www/index.php?r=user/admin
HTTP_REFERER=http://localhost/social/apps/backend/www/index.php?r=user/create
---
2013/09/10 14:55:19 [error] [exception.CException] exception 'CException' with message 'Property "User.name" is not defined.' in /Applications/MAMP/htdocs/social/core/yii/framework/base/CComponent.php:130
Stack trace:
#0 /Applications/MAMP/htdocs/social/core/yii/framework/db/ar/CActiveRecord.php(145): CComponent->__get('name')
#1 /Applications/MAMP/htdocs/social/core/yii/framework/validators/CStringValidator.php(79): CActiveRecord->__get('name')
#2 /Applications/MAMP/htdocs/social/core/yii/framework/validators/CValidator.php(213): CStringValidator->validateAttribute(Object(User), 'name')
#3 /Applications/MAMP/htdocs/social/core/yii/framework/base/CModel.php(159): CValidator->validate(Object(User), NULL)
#4 /Applications/MAMP/htdocs/social/core/yii/framework/db/ar/CActiveRecord.php(805): CModel->validate(NULL)
#5 /Applications/MAMP/htdocs/social/apps/backend/controllers/UserController.php(46): CActiveRecord->save()
#6 /Applications/MAMP/htdocs/social/core/yii/framework/web/actions/CInlineAction.php(49): UserController->actionCreate()
#7 /Applications/MAMP/htdocs/social/core/yii/framework/web/CController.php(308): CInlineAction->runWithParams(Array)
#8 /Applications/MAMP/htdocs/social/core/yii/framework/web/filters/CFilterChain.php(133): CController->runAction(Object(CInlineAction))
#9 /Applications/MAMP/htdocs/social/core/yii/framework/web/filters/CFilter.php(40): CFilterChain->run()
#10 /Applications/MAMP/htdocs/social/core/yii/framework/web/filters/CFilterChain.php(130): CFilter->filter(Object(CFilterChain))
#11 /Applications/MAMP/htdocs/social/core/yii/framework/web/CController.php(291): CFilterChain->run()
#12 /Applications/MAMP/htdocs/social/core/yii/framework/web/CController.php(265): CController->runActionWithFilters(Object(CInlineAction), Array)
#13 /Applications/MAMP/htdocs/social/core/yii/framework/web/CWebApplication.php(282): CController->run('create')
#14 /Applications/MAMP/htdocs/social/core/yii/framework/web/CWebApplication.php(141): CWebApplication->runController('user/create')
#15 /Applications/MAMP/htdocs/social/core/yii/framework/base/CApplication.php(180): CWebApplication->processRequest()
#16 /Applications/MAMP/htdocs/social/apps/backend/www/index.php(24): CApplication->run()
#17 {main}
REQUEST_URI=/social/apps/backend/www/index.php?r=user/create
HTTP_REFERER=http://localhost/social/apps/backend/www/index.php?r=user/create
---
2013/09/10 14:57:21 [error] [exception.CException] exception 'CException' with message 'Property "User.name" is not defined.' in /Applications/MAMP/htdocs/social/core/yii/framework/base/CComponent.php:130
Stack trace:
#0 /Applications/MAMP/htdocs/social/core/yii/framework/db/ar/CActiveRecord.php(145): CComponent->__get('name')
#1 /Applications/MAMP/htdocs/social/core/yii/framework/validators/CStringValidator.php(79): CActiveRecord->__get('name')
#2 /Applications/MAMP/htdocs/social/core/yii/framework/validators/CValidator.php(213): CStringValidator->validateAttribute(Object(User), 'name')
#3 /Applications/MAMP/htdocs/social/core/yii/framework/base/CModel.php(159): CValidator->validate(Object(User), NULL)
#4 /Applications/MAMP/htdocs/social/core/yii/framework/db/ar/CActiveRecord.php(805): CModel->validate(NULL)
#5 /Applications/MAMP/htdocs/social/apps/backend/controllers/UserController.php(46): CActiveRecord->save()
#6 /Applications/MAMP/htdocs/social/core/yii/framework/web/actions/CInlineAction.php(49): UserController->actionCreate()
#7 /Applications/MAMP/htdocs/social/core/yii/framework/web/CController.php(308): CInlineAction->runWithParams(Array)
#8 /Applications/MAMP/htdocs/social/core/yii/framework/web/filters/CFilterChain.php(133): CController->runAction(Object(CInlineAction))
#9 /Applications/MAMP/htdocs/social/core/yii/framework/web/filters/CFilter.php(40): CFilterChain->run()
#10 /Applications/MAMP/htdocs/social/core/yii/framework/web/filters/CFilterChain.php(130): CFilter->filter(Object(CFilterChain))
#11 /Applications/MAMP/htdocs/social/core/yii/framework/web/CController.php(291): CFilterChain->run()
#12 /Applications/MAMP/htdocs/social/core/yii/framework/web/CController.php(265): CController->runActionWithFilters(Object(CInlineAction), Array)
#13 /Applications/MAMP/htdocs/social/core/yii/framework/web/CWebApplication.php(282): CController->run('create')
#14 /Applications/MAMP/htdocs/social/core/yii/framework/web/CWebApplication.php(141): CWebApplication->runController('user/create')
#15 /Applications/MAMP/htdocs/social/core/yii/framework/base/CApplication.php(180): CWebApplication->processRequest()
#16 /Applications/MAMP/htdocs/social/apps/backend/www/index.php(24): CApplication->run()
#17 {main}
REQUEST_URI=/social/apps/backend/www/index.php?r=user/create
HTTP_REFERER=http://localhost/social/apps/backend/www/index.php?r=user/create
---
2013/09/10 14:57:45 [error] [exception.CException] exception 'CException' with message 'Property "UserProfile.display_name" is not defined.' in /Applications/MAMP/htdocs/social/core/yii/framework/base/CComponent.php:130
Stack trace:
#0 /Applications/MAMP/htdocs/social/core/yii/framework/db/ar/CActiveRecord.php(145): CComponent->__get('display_name')
#1 /Applications/MAMP/htdocs/social/core/yii/framework/validators/CStringValidator.php(79): CActiveRecord->__get('display_name')
#2 /Applications/MAMP/htdocs/social/core/yii/framework/validators/CValidator.php(213): CStringValidator->validateAttribute(Object(UserProfile), 'display_name')
#3 /Applications/MAMP/htdocs/social/core/yii/framework/base/CModel.php(159): CValidator->validate(Object(UserProfile), NULL)
#4 /Applications/MAMP/htdocs/social/core/yii/framework/db/ar/CActiveRecord.php(805): CModel->validate(NULL)
#5 /Applications/MAMP/htdocs/social/apps/backend/controllers/UserController.php(60): CActiveRecord->save()
#6 /Applications/MAMP/htdocs/social/core/yii/framework/web/actions/CInlineAction.php(49): UserController->actionCreate()
#7 /Applications/MAMP/htdocs/social/core/yii/framework/web/CController.php(308): CInlineAction->runWithParams(Array)
#8 /Applications/MAMP/htdocs/social/core/yii/framework/web/filters/CFilterChain.php(133): CController->runAction(Object(CInlineAction))
#9 /Applications/MAMP/htdocs/social/core/yii/framework/web/filters/CFilter.php(40): CFilterChain->run()
#10 /Applications/MAMP/htdocs/social/core/yii/framework/web/filters/CFilterChain.php(130): CFilter->filter(Object(CFilterChain))
#11 /Applications/MAMP/htdocs/social/core/yii/framework/web/CController.php(291): CFilterChain->run()
#12 /Applications/MAMP/htdocs/social/core/yii/framework/web/CController.php(265): CController->runActionWithFilters(Object(CInlineAction), Array)
#13 /Applications/MAMP/htdocs/social/core/yii/framework/web/CWebApplication.php(282): CController->run('create')
#14 /Applications/MAMP/htdocs/social/core/yii/framework/web/CWebApplication.php(141): CWebApplication->runController('user/create')
#15 /Applications/MAMP/htdocs/social/core/yii/framework/base/CApplication.php(180): CWebApplication->processRequest()
#16 /Applications/MAMP/htdocs/social/apps/backend/www/index.php(24): CApplication->run()
#17 {main}
REQUEST_URI=/social/apps/backend/www/index.php?r=user/create
HTTP_REFERER=http://localhost/social/apps/backend/www/index.php?r=user/create
---
2013/09/10 14:58:56 [error] [exception.CException] exception 'CException' with message 'Property "User.name" is not defined.' in /Applications/MAMP/htdocs/social/core/yii/framework/base/CComponent.php:130
Stack trace:
#0 /Applications/MAMP/htdocs/social/core/yii/framework/db/ar/CActiveRecord.php(145): CComponent->__get('name')
#1 /Applications/MAMP/htdocs/social/apps/backend/views/user/view.php(4): CActiveRecord->__get('name')
#2 /Applications/MAMP/htdocs/social/core/yii/framework/web/CBaseController.php(126): require('/Applications/M...')
#3 /Applications/MAMP/htdocs/social/core/yii/framework/web/CBaseController.php(95): CBaseController->renderInternal('/Applications/M...', Array, true)
#4 /Applications/MAMP/htdocs/social/core/yii/framework/web/CController.php(869): CBaseController->renderFile('/Applications/M...', Array, true)
#5 /Applications/MAMP/htdocs/social/core/yii/framework/web/CController.php(782): CController->renderPartial('view', Array, true)
#6 /Applications/MAMP/htdocs/social/apps/backend/controllers/UserController.php(21): CController->render('view', Array)
#7 [internal function]: UserController->actionView('11')
#8 /Applications/MAMP/htdocs/social/core/yii/framework/web/actions/CAction.php(108): ReflectionMethod->invokeArgs(Object(UserController), Array)
#9 /Applications/MAMP/htdocs/social/core/yii/framework/web/actions/CInlineAction.php(47): CAction->runWithParamsInternal(Object(UserController), Object(ReflectionMethod), Array)
#10 /Applications/MAMP/htdocs/social/core/yii/framework/web/CController.php(308): CInlineAction->runWithParams(Array)
#11 /Applications/MAMP/htdocs/social/core/yii/framework/web/filters/CFilterChain.php(133): CController->runAction(Object(CInlineAction))
#12 /Applications/MAMP/htdocs/social/core/yii/framework/web/filters/CFilter.php(40): CFilterChain->run()
#13 /Applications/MAMP/htdocs/social/core/yii/framework/web/filters/CFilterChain.php(130): CFilter->filter(Object(CFilterChain))
#14 /Applications/MAMP/htdocs/social/core/yii/framework/web/CController.php(291): CFilterChain->run()
#15 /Applications/MAMP/htdocs/social/core/yii/framework/web/CController.php(265): CController->runActionWithFilters(Object(CInlineAction), Array)
#16 /Applications/MAMP/htdocs/social/core/yii/framework/web/CWebApplication.php(282): CController->run('view')
#17 /Applications/MAMP/htdocs/social/core/yii/framework/web/CWebApplication.php(141): CWebApplication->runController('user/view')
#18 /Applications/MAMP/htdocs/social/core/yii/framework/base/CApplication.php(180): CWebApplication->processRequest()
#19 /Applications/MAMP/htdocs/social/apps/backend/www/index.php(24): CApplication->run()
#20 {main}
REQUEST_URI=/social/apps/backend/www/index.php?r=user/view&id=11
HTTP_REFERER=http://localhost/social/apps/backend/www/index.php?r=user/create
---
2013/09/10 15:01:57 [error] [php] file_put_contents(/Applications/MAMP/htdocs/social/apps/backend/data/auth.php) [<a href='function.file-put-contents'>function.file-put-contents</a>]: failed to open stream: No such file or directory (/Applications/MAMP/htdocs/social/core/yii/framework/web/auth/CPhpAuthManager.php:504)
Stack trace:
#0 /Applications/MAMP/htdocs/social/apps/common/modules/auth/controllers/AuthItemController.php(52): CPhpAuthManager->save()
#1 /Applications/MAMP/htdocs/social/core/yii/framework/web/actions/CInlineAction.php(49): RoleController->actionCreate()
#2 /Applications/MAMP/htdocs/social/core/yii/framework/web/CController.php(308): CInlineAction->runWithParams()
#3 /Applications/MAMP/htdocs/social/core/yii/framework/web/CController.php(286): RoleController->runAction()
#4 /Applications/MAMP/htdocs/social/core/yii/framework/web/CController.php(265): RoleController->runActionWithFilters()
#5 /Applications/MAMP/htdocs/social/core/yii/framework/web/CWebApplication.php(282): RoleController->run()
#6 /Applications/MAMP/htdocs/social/core/yii/framework/web/CWebApplication.php(141): CWebApplication->runController()
#7 /Applications/MAMP/htdocs/social/core/yii/framework/base/CApplication.php(180): CWebApplication->processRequest()
#8 /Applications/MAMP/htdocs/social/apps/backend/www/index.php(24): CWebApplication->run()
REQUEST_URI=/social/apps/backend/www/index.php?r=auth/role/create
2013/09/10 15:38:44 [error] [exception.CException] exception 'CException' with message 'Alias "auth.filters.AuthFilter" is invalid. Make sure it points to an existing directory or file.' in /Applications/MAMP/htdocs/social/core/yii/framework/YiiBase.php:347
Stack trace:
#0 /Applications/MAMP/htdocs/social/core/yii/framework/YiiBase.php(196): YiiBase::import('auth.filters.Au...', true)
#1 /Applications/MAMP/htdocs/social/core/yii/framework/web/filters/CFilterChain.php(89): YiiBase::createComponent(Array)
#2 /Applications/MAMP/htdocs/social/core/yii/framework/web/CController.php(291): CFilterChain::create(Object(UserController), Object(CInlineAction), Array)
#3 /Applications/MAMP/htdocs/social/core/yii/framework/web/CController.php(265): CController->runActionWithFilters(Object(CInlineAction), Array)
#4 /Applications/MAMP/htdocs/social/core/yii/framework/web/CWebApplication.php(282): CController->run('create')
#5 /Applications/MAMP/htdocs/social/core/yii/framework/web/CWebApplication.php(141): CWebApplication->runController('user/create')
#6 /Applications/MAMP/htdocs/social/core/yii/framework/base/CApplication.php(180): CWebApplication->processRequest()
#7 /Applications/MAMP/htdocs/social/apps/backend/www/index.php(24): CApplication->run()
#8 {main}
REQUEST_URI=/social/apps/backend/www/index.php?r=user/create
HTTP_REFERER=http://localhost/social/apps/backend/www/index.php?r=auth/assignment/index
---
2013/09/10 15:39:06 [error] [exception.CHttpException.404] exception 'CHttpException' with message 'Unable to resolve the request "profile/index".' in /Applications/MAMP/htdocs/social/core/yii/framework/web/CWebApplication.php:286
Stack trace:
#0 /Applications/MAMP/htdocs/social/core/yii/framework/web/CWebApplication.php(141): CWebApplication->runController('profile/index')
#1 /Applications/MAMP/htdocs/social/core/yii/framework/base/CApplication.php(180): CWebApplication->processRequest()
#2 /Applications/MAMP/htdocs/social/apps/backend/www/index.php(24): CApplication->run()
#3 {main}
REQUEST_URI=/social/apps/backend/www/index.php?r=profile/index
HTTP_REFERER=http://localhost/social/apps/backend/www/index.php?r=user/create
---
2013/09/10 15:39:07 [error] [exception.CException] exception 'CException' with message 'Alias "auth.filters.AuthFilter" is invalid. Make sure it points to an existing directory or file.' in /Applications/MAMP/htdocs/social/core/yii/framework/YiiBase.php:347
Stack trace:
#0 /Applications/MAMP/htdocs/social/core/yii/framework/YiiBase.php(196): YiiBase::import('auth.filters.Au...', true)
#1 /Applications/MAMP/htdocs/social/core/yii/framework/web/filters/CFilterChain.php(89): YiiBase::createComponent(Array)
#2 /Applications/MAMP/htdocs/social/core/yii/framework/web/CController.php(291): CFilterChain::create(Object(SiteController), Object(CInlineAction), Array)
#3 /Applications/MAMP/htdocs/social/core/yii/framework/web/CController.php(265): CController->runActionWithFilters(Object(CInlineAction), Array)
#4 /Applications/MAMP/htdocs/social/core/yii/framework/web/CWebApplication.php(282): CController->run('index')
#5 /Applications/MAMP/htdocs/social/core/yii/framework/web/CWebApplication.php(141): CWebApplication->runController('site/index')
#6 /Applications/MAMP/htdocs/social/core/yii/framework/base/CApplication.php(180): CWebApplication->processRequest()
#7 /Applications/MAMP/htdocs/social/apps/backend/www/index.php(24): CApplication->run()
#8 {main}
REQUEST_URI=/social/apps/backend/www/index.php?r=site/index
HTTP_REFERER=http://localhost/social/apps/backend/www/index.php?r=profile/index
---
2013/09/10 15:42:53 [error] [exception.CHttpException.404] exception 'CHttpException' with message 'Unable to resolve the request "profile/index".' in /Applications/MAMP/htdocs/social/core/yii/framework/web/CWebApplication.php:286
Stack trace:
#0 /Applications/MAMP/htdocs/social/core/yii/framework/web/CWebApplication.php(141): CWebApplication->runController('profile/index')
#1 /Applications/MAMP/htdocs/social/core/yii/framework/base/CApplication.php(180): CWebApplication->processRequest()
#2 /Applications/MAMP/htdocs/social/apps/backend/www/index.php(24): CApplication->run()
#3 {main}
REQUEST_URI=/social/apps/backend/www/index.php?r=profile/index
HTTP_REFERER=http://localhost/social/apps/backend/www/index.php?r=site/index
---
